# JRE version: Java(TM) SE Runtime Environment (21.0.4+8) (build 21.0.4+8-LTS-274)
# Java VM: Java HotSpot(TM) 64-Bit Server VM (21.0.4+8-LTS-274, mixed mode, emulated-client, sharing, tiered, compressed oops, compressed class ptrs, g1 gc, windows-amd64)
GC Precious Log:
 CardTable entry size: 512
 Card Set container configuration: InlinePtr #cards 4 size 8 Array Of Cards #cards 16 size 48 Howl #buckets 8 coarsen threshold 3686 Howl Bitmap #cards 512 size 80 coarsen threshold 460 Card regions per heap region 1 cards per card region 4096
 CPUs: 16 total, 16 available
 Memory: 16088M
 Large Page Support: Disabled
 NUMA Support: Disabled
 Compressed Oops: Enabled (Zero based)
 Heap Region Size: 2M
 Heap Min Capacity: 8M
 Heap Initial Capacity: 252M
 Heap Max Capacity: 4024M
 Pre-touch: Disabled
 Parallel Workers: 13
 Concurrent Workers: 3
 Concurrent Refinement Workers: 13
 Periodic GC: Disabled
Heap:
 garbage-first heap   total 313344K, used 165375K [0x0000000704800000, 0x0000000800000000)
  region size 2048K, 9 young (18432K), 3 survivors (6144K)
 Metaspace       used 190692K, committed 194816K, reserved 1245184K
  class space    used 26311K, committed 28096K, reserved 1048576K
GC Heap History (20 events):
Event: 42.605 GC heap before
{Heap before GC invocations=36 (full 0):
 garbage-first heap   total 307200K, used 211628K [0x0000000704800000, 0x0000000800000000)
  region size 2048K, 48 young (98304K), 7 survivors (14336K)
 Metaspace       used 128058K, committed 130368K, reserved 1179648K
  class space    used 18008K, committed 19136K, reserved 1048576K
}
Event: 42.612 GC heap after
{Heap after GC invocations=37 (full 0):
 garbage-first heap   total 307200K, used 133944K [0x0000000704800000, 0x0000000800000000)
  region size 2048K, 7 young (14336K), 7 survivors (14336K)
 Metaspace       used 128058K, committed 130368K, reserved 1179648K
  class space    used 18008K, committed 19136K, reserved 1048576K
}
Event: 43.534 GC heap before
{Heap before GC invocations=38 (full 0):
 garbage-first heap   total 307200K, used 273208K [0x0000000704800000, 0x0000000800000000)
  region size 2048K, 75 young (153600K), 7 survivors (14336K)
 Metaspace       used 147197K, committed 149568K, reserved 1179648K
  class space    used 20543K, committed 21696K, reserved 1048576K
}
Event: 43.540 GC heap after
{Heap after GC invocations=39 (full 0):
 garbage-first heap   total 307200K, used 138883K [0x0000000704800000, 0x0000000800000000)
  region size 2048K, 5 young (10240K), 5 survivors (10240K)
 Metaspace       used 147197K, committed 149568K, reserved 1179648K
  class space    used 20543K, committed 21696K, reserved 1048576K
}
Event: 44.557 GC heap before
{Heap before GC invocations=39 (full 0):
 garbage-first heap   total 307200K, used 280195K [0x0000000704800000, 0x0000000800000000)
  region size 2048K, 73 young (149504K), 5 survivors (10240K)
 Metaspace       used 173370K, committed 175744K, reserved 1245184K
  class space    used 23857K, committed 25024K, reserved 1048576K
}
Event: 44.566 GC heap after
{Heap after GC invocations=40 (full 0):
 garbage-first heap   total 307200K, used 135254K [0x0000000704800000, 0x0000000800000000)
  region size 2048K, 8 young (16384K), 8 survivors (16384K)
 Metaspace       used 173370K, committed 175744K, reserved 1245184K
  class space    used 23857K, committed 25024K, reserved 1048576K
}
Event: 44.792 GC heap before
{Heap before GC invocations=40 (full 0):
 garbage-first heap   total 307200K, used 155734K [0x0000000704800000, 0x0000000800000000)
  region size 2048K, 19 young (38912K), 8 survivors (16384K)
 Metaspace       used 175874K, committed 178368K, reserved 1245184K
  class space    used 24236K, committed 25408K, reserved 1048576K
}
Event: 44.799 GC heap after
{Heap after GC invocations=41 (full 0):
 garbage-first heap   total 307200K, used 139189K [0x0000000704800000, 0x0000000800000000)
  region size 2048K, 5 young (10240K), 5 survivors (10240K)
 Metaspace       used 175874K, committed 178368K, reserved 1245184K
  class space    used 24236K, committed 25408K, reserved 1048576K
}
Event: 66.126 GC heap before
{Heap before GC invocations=42 (full 0):
 garbage-first heap   total 307200K, used 286645K [0x0000000704800000, 0x0000000800000000)
  region size 2048K, 73 young (149504K), 5 survivors (10240K)
 Metaspace       used 182901K, committed 185600K, reserved 1245184K
  class space    used 25385K, committed 26688K, reserved 1048576K
}
Event: 66.136 GC heap after
{Heap after GC invocations=43 (full 0):
 garbage-first heap   total 313344K, used 149959K [0x0000000704800000, 0x0000000800000000)
  region size 2048K, 10 young (20480K), 10 survivors (20480K)
 Metaspace       used 182901K, committed 185600K, reserved 1245184K
  class space    used 25385K, committed 26688K, reserved 1048576K
}
Event: 136.505 GC heap before
{Heap before GC invocations=44 (full 0):
 garbage-first heap   total 313344K, used 270791K [0x0000000704800000, 0x0000000800000000)
  region size 2048K, 70 young (143360K), 10 survivors (20480K)
 Metaspace       used 191209K, committed 193920K, reserved 1245184K
  class space    used 26553K, committed 27840K, reserved 1048576K
}
Event: 136.515 GC heap after
{Heap after GC invocations=45 (full 0):
 garbage-first heap   total 313344K, used 157157K [0x0000000704800000, 0x0000000800000000)
  region size 2048K, 5 young (10240K), 5 survivors (10240K)
 Metaspace       used 191209K, committed 193920K, reserved 1245184K
  class space    used 26553K, committed 27840K, reserved 1048576K
}
Event: 200.214 GC heap before
{Heap before GC invocations=45 (full 0):
 garbage-first heap   total 313344K, used 280037K [0x0000000704800000, 0x0000000800000000)
  region size 2048K, 66 young (135168K), 5 survivors (10240K)
 Metaspace       used 191892K, committed 194688K, reserved 1245184K
  class space    used 26642K, committed 27968K, reserved 1048576K
}
Event: 200.222 GC heap after
{Heap after GC invocations=46 (full 0):
 garbage-first heap   total 313344K, used 148300K [0x0000000704800000, 0x0000000800000000)
  region size 2048K, 5 young (10240K), 5 survivors (10240K)
 Metaspace       used 191892K, committed 194688K, reserved 1245184K
  class space    used 26642K, committed 27968K, reserved 1048576K
}
Event: 200.414 GC heap before
{Heap before GC invocations=46 (full 0):
 garbage-first heap   total 313344K, used 156492K [0x0000000704800000, 0x0000000800000000)
  region size 2048K, 11 young (22528K), 5 survivors (10240K)
 Metaspace       used 191966K, committed 194880K, reserved 1245184K
  class space    used 26661K, committed 28096K, reserved 1048576K
}
Event: 200.419 GC heap after
{Heap after GC invocations=47 (full 0):
 garbage-first heap   total 313344K, used 148605K [0x0000000704800000, 0x0000000800000000)
  region size 2048K, 5 young (10240K), 5 survivors (10240K)
 Metaspace       used 191966K, committed 194880K, reserved 1245184K
  class space    used 26661K, committed 28096K, reserved 1048576K
}
Event: 217.485 GC heap before
{Heap before GC invocations=48 (full 0):
 garbage-first heap   total 313344K, used 287869K [0x0000000704800000, 0x0000000800000000)
  region size 2048K, 71 young (145408K), 5 survivors (10240K)
 Metaspace       used 190500K, committed 194816K, reserved 1245184K
  class space    used 26344K, committed 28096K, reserved 1048576K
}
Event: 217.493 GC heap after
{Heap after GC invocations=49 (full 0):
 garbage-first heap   total 313344K, used 156891K [0x0000000704800000, 0x0000000800000000)
  region size 2048K, 9 young (18432K), 9 survivors (18432K)
 Metaspace       used 190500K, committed 194816K, reserved 1245184K
  class space    used 26344K, committed 28096K, reserved 1048576K
}
Event: 217.794 GC heap before
{Heap before GC invocations=49 (full 0):
 garbage-first heap   total 313344K, used 247003K [0x0000000704800000, 0x0000000800000000)
  region size 2048K, 55 young (112640K), 9 survivors (18432K)
 Metaspace       used 191101K, committed 194816K, reserved 1245184K
  class space    used 26420K, committed 28096K, reserved 1048576K
}
Event: 217.799 GC heap after
{Heap after GC invocations=50 (full 0):
 garbage-first heap   total 313344K, used 151039K [0x0000000704800000, 0x0000000800000000)
  region size 2048K, 3 young (6144K), 3 survivors (6144K)
 Metaspace       used 191101K, committed 194816K, reserved 1245184K
  class space    used 26420K, committed 28096K, reserved 1048576K
}

